<?xml version="1.0" encoding="UTF-8"?>
<!-- Generated by org.testng.reporters.JUnitReportReporter -->
<testsuite skipped="0" hostname="DESKTOP-0K72I4M" name="guru99.websiteTest.MobileSortingTest" tests="4" failures="1" timestamp="2020-12-12T10:53:05 IST" time="119.203" errors="0">
  <testcase name="verifyTitleOfPageTest" time="25.684" classname="guru99.websiteTest.MobileSortingTest">
    <failure type="junit.framework.ComparisonFailure" message="THIS IS DEMO SITE FOR expected:&lt;[Mobi]le&gt; but was:&lt;[Title is not matching with expected tit]le&gt;">
      <![CDATA[junit.framework.ComparisonFailure: THIS IS DEMO SITE FOR expected:<[Mobi]le> but was:<[Title is not matching with expected tit]le>
at junit.framework.Assert.assertEquals(Assert.java:100)
at guru99.websiteTest.MobileSortingTest.verifyTitleOfPageTest(MobileSortingTest.java:40)
at sun.reflect.NativeMethodAccessorImpl.invoke0(Native Method)
at sun.reflect.NativeMethodAccessorImpl.invoke(NativeMethodAccessorImpl.java:62)
at sun.reflect.DelegatingMethodAccessorImpl.invoke(DelegatingMethodAccessorImpl.java:43)
at java.lang.reflect.Method.invoke(Method.java:498)
at org.testng.internal.MethodInvocationHelper.invokeMethod(MethodInvocationHelper.java:132)
at org.testng.internal.TestInvoker.invokeMethod(TestInvoker.java:599)
at org.testng.internal.TestInvoker.invokeTestMethod(TestInvoker.java:174)
at org.testng.internal.MethodRunner.runInSequence(MethodRunner.java:46)
at org.testng.internal.TestInvoker$MethodInvocationAgent.invoke(TestInvoker.java:822)
at org.testng.internal.TestInvoker.invokeTestMethods(TestInvoker.java:147)
at org.testng.internal.TestMethodWorker.invokeTestMethods(TestMethodWorker.java:146)
at org.testng.internal.TestMethodWorker.run(TestMethodWorker.java:128)
at java.util.ArrayList.forEach(ArrayList.java:1259)
at org.testng.TestRunner.privateRun(TestRunner.java:764)
at org.testng.TestRunner.run(TestRunner.java:585)
at org.testng.SuiteRunner.runTest(SuiteRunner.java:384)
at org.testng.SuiteRunner.runSequentially(SuiteRunner.java:378)
at org.testng.SuiteRunner.privateRun(SuiteRunner.java:337)
at org.testng.SuiteRunner.run(SuiteRunner.java:286)
at org.testng.SuiteRunnerWorker.runSuite(SuiteRunnerWorker.java:53)
at org.testng.SuiteRunnerWorker.run(SuiteRunnerWorker.java:96)
at org.testng.TestNG.runSuitesSequentially(TestNG.java:1218)
at org.testng.TestNG.runSuitesLocally(TestNG.java:1140)
at org.testng.TestNG.runSuites(TestNG.java:1069)
at org.testng.TestNG.run(TestNG.java:1037)
at org.testng.remote.AbstractRemoteTestNG.run(AbstractRemoteTestNG.java:115)
at org.testng.remote.RemoteTestNG.initAndRun(RemoteTestNG.java:251)
at org.testng.remote.RemoteTestNG.main(RemoteTestNG.java:77)
]]>
    </failure>
  </testcase> <!-- verifyTitleOfPageTest -->
  <system-out/>
  <testcase name="clickOnMobilemenuTest" time="25.735" classname="guru99.websiteTest.MobileSortingTest"/>
  <system-out/>
  <testcase name="verifyTitleOfMobilePageTest" time="28.447" classname="guru99.websiteTest.MobileSortingTest"/>
  <system-out/>
  <testcase name="selectDropDownByName" time="39.337" classname="guru99.websiteTest.MobileSortingTest"/>
  <system-out/>
</testsuite> <!-- guru99.websiteTest.MobileSortingTest -->
