<?xml version="1.0" encoding="UTF-8"?>
<!-- Generated by org.testng.reporters.JUnitReportReporter -->
<testsuite skipped="0" hostname="DESKTOP-0K72I4M" name="guru99.websiteTest.MobilePriceTest" tests="3" failures="0" timestamp="2020-12-02T05:50:55 IST" time="114.276" errors="0">
  <testcase name="clickOnMobileMenu" time="29.535" classname="guru99.websiteTest.MobilePriceTest"/>
  <system-out/>
  <testcase name="readSonyXperiaMobileCost" time="46.144" classname="guru99.websiteTest.MobilePriceTest"/>
  <system-out/>
  <testcase name="clickOnsonyXperiaMobile" time="38.597" classname="guru99.websiteTest.MobilePriceTest"/>
  <system-out/>
</testsuite> <!-- guru99.websiteTest.MobilePriceTest -->
